<?xml version="1.0" encoding="UTF-8"?>
<!-- Generated by org.testng.reporters.JUnitReportReporter -->
<testsuite skipped="0" hostname="LT-CHN-28693" name="soapCallPkg.SoapCallRestAssured" tests="1" failures="0" timestamp="2020-04-28T18:57:09 IST" time="3.599" errors="0">
  <testcase name="PostCall" time="3.599" classname="soapCallPkg.SoapCallRestAssured"/>
  <system-out/>
</testsuite> <!-- soapCallPkg.SoapCallRestAssured -->
